#
# A fatal error has been detected by the Java Runtime Environment:
#
#  EXCEPTION_ACCESS_VIOLATION (0xc0000005) at pc=0x5f79a81a, pid=8960, tid=6744
#
# JRE version: Java(TM) SE Runtime Environment (8.0_45-b14) (build 1.8.0_45-b14)
# Java VM: Java HotSpot(TM) Client VM (25.45-b02 mixed mode windows-x86 )
# Problematic frame:
# V  [jvm.dll+0xca81a]
#
# Failed to write core dump. Minidumps are not enabled by default on client versions of Windows
#
# If you would like to submit a bug report, please visit:
#   http://bugreport.java.com/bugreport/crash.jsp
#

---------------  T H R E A D  ---------------

Current thread (0x1539e400):  JavaThread "*** Profiler Agent Communication Thread" daemon [_thread_in_vm, id=6744, stack(0x159d0000,0x15a20000)]

siginfo: ExceptionCode=0xc0000005, reading address 0x00000014

Registers:
EAX=0x0000000c, EBX=0x00000042, ECX=0x15291548, EDX=0x00000000
ESP=0x15a1f2a0, EBP=0x15a1f2a4, ESI=0x15030480, EDI=0x152ecac0
EIP=0x5f79a81a, EFLAGS=0x00010212

Top of Stack: (sp=0x15a1f2a0)
0x15a1f2a0:   1539e400 15a1f2cc 5f8f3b41 15291548
0x15a1f2b0:   164b0acc 15291548 1539e400 00000000
0x15a1f2c0:   00000000 00000000 1539e400 745f3540
0x15a1f2d0:   02cb25b4 152ecac0 15291548 15a1f318
0x15a1f2e0:   1539e400 1508f9e8 15a1f34c 1508f9e8
0x15a1f2f0:   154584a0 153ce8d0 164b0acc 00000021
0x15a1f300:   00000000 152bea28 164b0a48 02cdc0c3
0x15a1f310:   1539e540 15a1f354 153a0ad0 15eaa3b8 

Instructions: (pc=0x5f79a81a)
0x5f79a7fa:   cc cc cc cc cc cc 55 8b ec 8b 45 08 85 c0 75 02
0x5f79a80a:   5d c3 56 8b 30 85 f6 74 17 83 fe 37 74 12 8b 06
0x5f79a81a:   8b 50 08 8b ce ff d2 84 c0 74 05 8b c6 5e 5d c3
0x5f79a82a:   33 c0 5e 5d c3 cc 55 8b ec 8b 45 08 8b 40 20 8b 


Register to memory mapping:

EAX=0x0000000c is an unknown value
EBX=0x00000042 is an unknown value
ECX=0x15291548 is an unknown value
EDX=0x00000000 is an unknown value
ESP=0x15a1f2a0 is pointing into the stack for thread: 0x1539e400
EBP=0x15a1f2a4 is pointing into the stack for thread: 0x1539e400
ESI=0x15030480 is pointing into metadata
EDI=0x152ecac0 is an unknown value


Stack: [0x159d0000,0x15a20000],  sp=0x15a1f2a0,  free space=316k
Native frames: (J=compiled Java code, j=interpreted, Vv=VM code, C=native code)
V  [jvm.dll+0xca81a]
V  [jvm.dll+0x223b41]
C  [profilerinterface.dll+0x25b4]

Java frames: (J=compiled Java code, j=interpreted, Vv=VM code)
j  org.netbeans.lib.profiler.server.system.Stacks.getMethodNamesForJMethodIds(I[I[I)[B+0
j  org.netbeans.lib.profiler.server.ProfilerInterface.getMethodNamesForJMethodIds([I)Lorg/netbeans/lib/profiler/wireprotocol/MethodNamesResponse;+18
j  org.netbeans.lib.profiler.server.ProfilerServer.handleClientCommand(Lorg/netbeans/lib/profiler/wireprotocol/Command;)V+675
j  org.netbeans.lib.profiler.server.ProfilerServer.listenToClient()V+48
j  org.netbeans.lib.profiler.server.ProfilerServer.run()V+22
v  ~StubRoutines::call_stub

---------------  P R O C E S S  ---------------

Java Threads: ( => current thread )
  0x1539d000 JavaThread "*** Profiler Agent Special Execution Thread 7" daemon [_thread_blocked, id=7204, stack(0x15940000,0x15990000)]
  0x1539cc00 JavaThread "DestroyJavaVM" [_thread_blocked, id=6592, stack(0x011a0000,0x011f0000)]
  0x1539dc00 JavaThread "*** Profiler Agent Special Execution Thread 3" daemon [_thread_blocked, id=7760, stack(0x16bf0000,0x16c40000)]
  0x1539f800 JavaThread "*** Profiler Agent Special Execution Thread 6" daemon [_thread_blocked, id=4520, stack(0x15af0000,0x15b40000)]
  0x1539d800 JavaThread "*** JFluid Monitor thread ***" daemon [_thread_blocked, id=8888, stack(0x15a60000,0x15ab0000)]
=>0x1539e400 JavaThread "*** Profiler Agent Communication Thread" daemon [_thread_in_vm, id=6744, stack(0x159d0000,0x15a20000)]
  0x152b4c00 JavaThread "Service Thread" daemon [_thread_blocked, id=6172, stack(0x156e0000,0x15730000)]
  0x1529a000 JavaThread "C1 CompilerThread0" daemon [_thread_blocked, id=7108, stack(0x15650000,0x156a0000)]
  0x15298c00 JavaThread "Attach Listener" daemon [_thread_blocked, id=4952, stack(0x155c0000,0x15610000)]
  0x15296c00 JavaThread "Signal Dispatcher" daemon [_thread_blocked, id=5152, stack(0x15530000,0x15580000)]
  0x15267000 JavaThread "Finalizer" daemon [_thread_blocked, id=6588, stack(0x154a0000,0x154f0000)]
  0x15262400 JavaThread "Reference Handler" daemon [_thread_blocked, id=6584, stack(0x04da0000,0x04df0000)]

Other Threads:
  0x02c4d000 VMThread [stack: 0x02c50000,0x02ca0000] [id=6192]
  0x15294800 WatcherThread [stack: 0x15770000,0x157c0000] [id=644]

VM state:not at safepoint (normal execution)

VM Mutex/Monitor currently owned by a thread: None

Heap:
 def new generation   total 4992K, used 80K [0x04e00000, 0x05360000, 0x0a350000)
  eden space 4480K,   1% used [0x04e00000, 0x04e14168, 0x05260000)
  from space 512K,   0% used [0x05260000, 0x05260000, 0x052e0000)
  to   space 512K,   0% used [0x052e0000, 0x052e0000, 0x05360000)
 tenured generation   total 10944K, used 2905K [0x0a350000, 0x0ae00000, 0x14e00000)
   the space 10944K,  26% used [0x0a350000, 0x0a626798, 0x0a626800, 0x0ae00000)
 Metaspace       used 9041K, capacity 9101K, committed 9216K, reserved 9600K

Card table byte_map: [0x04cd0000,0x04d60000] byte_map_base: 0x04ca9000

Polling page: 0x01160000

CodeCache: size=32768Kb used=917Kb max_used=917Kb free=31850Kb
 bounds [0x02cd0000, 0x02db8000, 0x04cd0000]
 total_blobs=333 nmethods=164 adapters=100
 compilation: enabled

Compilation events (10 events):
Event: 21.494 Thread 0x1529a000  162             org.netbeans.lib.profiler.server.ProfilerRuntimeObjLiveness::signalObjGC (17 bytes)
Event: 21.495 Thread 0x1529a000 nmethod 162 0x02db46c8 code [0x02db47d0, 0x02db4898]
Event: 21.495 Thread 0x1529a000  163   !         org.netbeans.lib.profiler.server.ProfilerRuntimeMemory::writeObjGCEvent (207 bytes)
Event: 21.496 Thread 0x1529a000 nmethod 163 0x02db4988 code [0x02db4aa0, 0x02db4eec]
Event: 21.685 Thread 0x1529a000  164             java.io.Bits::putInt (36 bytes)
Event: 21.685 Thread 0x1529a000 nmethod 164 0x02db5108 code [0x02db5200, 0x02db52d0]
Event: 21.686 Thread 0x1529a000  165             java.io.ObjectOutputStream::writeInt (9 bytes)
Event: 21.686 Thread 0x1529a000 nmethod 165 0x02db5388 code [0x02db5490, 0x02db552c]
Event: 21.686 Thread 0x1529a000  166             java.io.ObjectOutputStream$BlockDataOutputStream::writeInt (46 bytes)
Event: 21.687 Thread 0x1529a000 nmethod 166 0x02db55c8 code [0x02db56d0, 0x02db57b8]

GC Heap History (10 events):
Event: 13.674 GC heap before
{Heap before GC invocations=0 (full 0):
 def new generation   total 4928K, used 4416K [0x04e00000, 0x05350000, 0x0a350000)
  eden space 4416K, 100% used [0x04e00000, 0x05250000, 0x05250000)
  from space 512K,   0% used [0x05250000, 0x05250000, 0x052d0000)
  to   space 512K,   0% used [0x052d0000, 0x052d0000, 0x05350000)
 tenured generation   total 10944K, used 0K [0x0a350000, 0x0ae00000, 0x14e00000)
   the space 10944K,   0% used [0x0a350000, 0x0a350000, 0x0a350200, 0x0ae00000)
 Metaspace       used 3666K, capacity 3684K, committed 3776K, reserved 4480K
Event: 13.678 GC heap after
Heap after GC invocations=1 (full 0):
 def new generation   total 4928K, used 512K [0x04e00000, 0x05350000, 0x0a350000)
  eden space 4416K,   0% used [0x04e00000, 0x04e00000, 0x05250000)
  from space 512K, 100% used [0x052d0000, 0x05350000, 0x05350000)
  to   space 512K,   0% used [0x05250000, 0x05250000, 0x052d0000)
 tenured generation   total 10944K, used 459K [0x0a350000, 0x0ae00000, 0x14e00000)
   the space 10944K,   4% used [0x0a350000, 0x0a3c2c40, 0x0a3c2e00, 0x0ae00000)
 Metaspace       used 3666K, capacity 3684K, committed 3776K, reserved 4480K
}
Event: 14.645 GC heap before
{Heap before GC invocations=1 (full 0):
 def new generation   total 4928K, used 4916K [0x04e00000, 0x05350000, 0x0a350000)
  eden space 4416K,  99% used [0x04e00000, 0x0524d098, 0x05250000)
  from space 512K, 100% used [0x052d0000, 0x05350000, 0x05350000)
  to   space 512K,   0% used [0x05250000, 0x05250000, 0x052d0000)
 tenured generation   total 10944K, used 459K [0x0a350000, 0x0ae00000, 0x14e00000)
   the space 10944K,   4% used [0x0a350000, 0x0a3c2c40, 0x0a3c2e00, 0x0ae00000)
 Metaspace       used 4138K, capacity 4164K, committed 4288K, reserved 4480K
Event: 14.649 GC heap after
Heap after GC invocations=2 (full 0):
 def new generation   total 4928K, used 512K [0x04e00000, 0x05350000, 0x0a350000)
  eden space 4416K,   0% used [0x04e00000, 0x04e00000, 0x05250000)
  from space 512K, 100% used [0x05250000, 0x052d0000, 0x052d0000)
  to   space 512K,   0% used [0x052d0000, 0x052d0000, 0x05350000)
 tenured generation   total 10944K, used 3118K [0x0a350000, 0x0ae00000, 0x14e00000)
   the space 10944K,  28% used [0x0a350000, 0x0a65b880, 0x0a65ba00, 0x0ae00000)
 Metaspace       used 4138K, capacity 4164K, committed 4288K, reserved 4480K
}
Event: 14.946 GC heap before
{Heap before GC invocations=2 (full 0):
 def new generation   total 4928K, used 4925K [0x04e00000, 0x05350000, 0x0a350000)
  eden space 4416K,  99% used [0x04e00000, 0x0524f770, 0x05250000)
  from space 512K, 100% used [0x05250000, 0x052d0000, 0x052d0000)
  to   space 512K,   0% used [0x052d0000, 0x052d0000, 0x05350000)
 tenured generation   total 10944K, used 3118K [0x0a350000, 0x0ae00000, 0x14e00000)
   the space 10944K,  28% used [0x0a350000, 0x0a65b880, 0x0a65ba00, 0x0ae00000)
 Metaspace       used 7461K, capacity 7501K, committed 7552K, reserved 7552K
Event: 14.948 GC heap after
Heap after GC invocations=3 (full 0):
 def new generation   total 4928K, used 512K [0x04e00000, 0x05350000, 0x0a350000)
  eden space 4416K,   0% used [0x04e00000, 0x04e00000, 0x05250000)
  from space 512K, 100% used [0x052d0000, 0x05350000, 0x05350000)
  to   space 512K,   0% used [0x05250000, 0x05250000, 0x052d0000)
 tenured generation   total 10944K, used 5102K [0x0a350000, 0x0ae00000, 0x14e00000)
   the space 10944K,  46% used [0x0a350000, 0x0a84bb70, 0x0a84bc00, 0x0ae00000)
 Metaspace       used 7461K, capacity 7501K, committed 7552K, reserved 7552K
}
Event: 20.907 GC heap before
{Heap before GC invocations=3 (full 0):
 def new generation   total 4928K, used 4752K [0x04e00000, 0x05350000, 0x0a350000)
  eden space 4416K,  96% used [0x04e00000, 0x05224220, 0x05250000)
  from space 512K, 100% used [0x052d0000, 0x05350000, 0x05350000)
  to   space 512K,   0% used [0x05250000, 0x05250000, 0x052d0000)
 tenured generation   total 10944K, used 5102K [0x0a350000, 0x0ae00000, 0x14e00000)
   the space 10944K,  46% used [0x0a350000, 0x0a84bb70, 0x0a84bc00, 0x0ae00000)
 Metaspace       used 9012K, capacity 9069K, committed 9088K, reserved 9600K
Event: 20.914 GC heap after
Heap after GC invocations=4 (full 0):
 def new generation   total 4928K, used 512K [0x04e00000, 0x05350000, 0x0a350000)
  eden space 4416K,   0% used [0x04e00000, 0x04e00000, 0x05250000)
  from space 512K, 100% used [0x05250000, 0x052d0000, 0x052d0000)
  to   space 512K,   0% used [0x052d0000, 0x052d0000, 0x05350000)
 tenured generation   total 10944K, used 8256K [0x0a350000, 0x0ae00000, 0x14e00000)
   the space 10944K,  75% used [0x0a350000, 0x0ab60208, 0x0ab60400, 0x0ae00000)
 Metaspace       used 9012K, capacity 9069K, committed 9088K, reserved 9600K
}
Event: 20.979 GC heap before
{Heap before GC invocations=4 (full 0):
 def new generation   total 4928K, used 3916K [0x04e00000, 0x05350000, 0x0a350000)
  eden space 4416K,  77% used [0x04e00000, 0x05153190, 0x05250000)
  from space 512K, 100% used [0x05250000, 0x052d0000, 0x052d0000)
  to   space 512K,   0% used [0x052d0000, 0x052d0000, 0x05350000)
 tenured generation   total 10944K, used 8256K [0x0a350000, 0x0ae00000, 0x14e00000)
   the space 10944K,  75% used [0x0a350000, 0x0ab60208, 0x0ab60400, 0x0ae00000)
 Metaspace       used 9039K, capacity 9101K, committed 9216K, reserved 9600K
Event: 20.996 GC heap after
Heap after GC invocations=5 (full 1):
 def new generation   total 4992K, used 0K [0x04e00000, 0x05360000, 0x0a350000)
  eden space 4480K,   0% used [0x04e00000, 0x04e00000, 0x05260000)
  from space 512K,   0% used [0x05260000, 0x05260000, 0x052e0000)
  to   space 512K,   0% used [0x052e0000, 0x052e0000, 0x05360000)
 tenured generation   total 10944K, used 2905K [0x0a350000, 0x0ae00000, 0x14e00000)
   the space 10944K,  26% used [0x0a350000, 0x0a626798, 0x0a626800, 0x0ae00000)
 Metaspace       used 9039K, capacity 9101K, committed 9216K, reserved 9600K
}

Deoptimization events (0 events):
No events

Internal exceptions (10 events):
Event: 13.644 Thread 0x1539cc00 Exception <a 'java/lang/ArrayIndexOutOfBoundsException': 18> (0x051af298) thrown at [C:\re\workspace\8-2-build-windows-i586-cygwin\jdk8u45\3457\hotspot\src\share\vm\interpreter\interpreterRuntime.cpp, line 366]
Event: 13.644 Thread 0x1539cc00 Exception <a 'java/lang/ArrayIndexOutOfBoundsException': 60> (0x051b06c0) thrown at [C:\re\workspace\8-2-build-windows-i586-cygwin\jdk8u45\3457\hotspot\src\share\vm\interpreter\interpreterRuntime.cpp, line 366]
Event: 13.645 Thread 0x1539cc00 Exception <a 'java/lang/ArrayIndexOutOfBoundsException': 71> (0x051b60a0) thrown at [C:\re\workspace\8-2-build-windows-i586-cygwin\jdk8u45\3457\hotspot\src\share\vm\interpreter\interpreterRuntime.cpp, line 366]
Event: 13.652 Thread 0x1539cc00 Exception <a 'java/lang/ArrayIndexOutOfBoundsException': 38> (0x051ddc48) thrown at [C:\re\workspace\8-2-build-windows-i586-cygwin\jdk8u45\3457\hotspot\src\share\vm\interpreter\interpreterRuntime.cpp, line 366]
Event: 13.652 Thread 0x1539cc00 Exception <a 'java/lang/ArrayIndexOutOfBoundsException': 67> (0x051df020) thrown at [C:\re\workspace\8-2-build-windows-i586-cygwin\jdk8u45\3457\hotspot\src\share\vm\interpreter\interpreterRuntime.cpp, line 366]
Event: 13.653 Thread 0x1539cc00 Exception <a 'java/lang/ArrayIndexOutOfBoundsException': 55> (0x051e1570) thrown at [C:\re\workspace\8-2-build-windows-i586-cygwin\jdk8u45\3457\hotspot\src\share\vm\interpreter\interpreterRuntime.cpp, line 366]
Event: 13.660 Thread 0x1539cc00 Exception <a 'java/lang/ArrayIndexOutOfBoundsException': 38> (0x05207f18) thrown at [C:\re\workspace\8-2-build-windows-i586-cygwin\jdk8u45\3457\hotspot\src\share\vm\interpreter\interpreterRuntime.cpp, line 366]
Event: 13.666 Thread 0x1539cc00 Exception <a 'java/lang/ArrayIndexOutOfBoundsException': 49> (0x052261f0) thrown at [C:\re\workspace\8-2-build-windows-i586-cygwin\jdk8u45\3457\hotspot\src\share\vm\interpreter\interpreterRuntime.cpp, line 366]
Event: 20.965 Thread 0x02ccc000 Implicit null exception at 0x02dab647 to 0x02dab824
Event: 20.965 Thread 0x02ccc000 Exception <a 'java/lang/NullPointerException'> (0x050beae0) thrown at [C:\re\workspace\8-2-build-windows-i586-cygwin\jdk8u45\3457\hotspot\src\share\vm\runtime\sharedRuntime.cpp, line 605]

Events (10 events):
Event: 20.979 Executing VM operation: GenCollectFull
Event: 20.996 Executing VM operation: GenCollectFull done
Event: 21.482 loading class org/netbeans/lib/profiler/wireprotocol/EventBufferDumpedCommand
Event: 21.482 loading class org/netbeans/lib/profiler/wireprotocol/EventBufferDumpedCommand done
Event: 21.490 loading class org/netbeans/lib/profiler/wireprotocol/DumpResultsResponse
Event: 21.490 loading class org/netbeans/lib/profiler/wireprotocol/DumpResultsResponse done
Event: 21.684 loading class org/netbeans/lib/profiler/wireprotocol/ObjectAllocationResultsResponse
Event: 21.684 loading class org/netbeans/lib/profiler/wireprotocol/ObjectAllocationResultsResponse done
Event: 21.694 loading class org/netbeans/lib/profiler/wireprotocol/GetMethodNamesForJMethodIdsCommand
Event: 21.694 loading class org/netbeans/lib/profiler/wireprotocol/GetMethodNamesForJMethodIdsCommand done


Dynamic libraries:
0x010c0000 - 0x010f3000 	C:\Program Files (x86)\Java\jdk1.8.0_45\bin\java.exe
0x773d0000 - 0x77549000 	C:\WINDOWS\SYSTEM32\ntdll.dll
0x77080000 - 0x77170000 	C:\WINDOWS\SYSTEM32\KERNEL32.DLL
0x762b0000 - 0x76426000 	C:\WINDOWS\SYSTEM32\KERNELBASE.dll
0x683c0000 - 0x68451000 	C:\WINDOWS\system32\apphelp.dll
0x74500000 - 0x7457b000 	C:\WINDOWS\SYSTEM32\ADVAPI32.dll
0x74580000 - 0x7463e000 	C:\WINDOWS\SYSTEM32\msvcrt.dll
0x76940000 - 0x76983000 	C:\WINDOWS\SYSTEM32\sechost.dll
0x76560000 - 0x7660c000 	C:\WINDOWS\SYSTEM32\RPCRT4.dll
0x744e0000 - 0x744fe000 	C:\WINDOWS\SYSTEM32\SspiCli.dll
0x744d0000 - 0x744da000 	C:\WINDOWS\SYSTEM32\CRYPTBASE.dll
0x74470000 - 0x744c9000 	C:\WINDOWS\SYSTEM32\bcryptPrimitives.dll
0x76f30000 - 0x77070000 	C:\WINDOWS\SYSTEM32\USER32.dll
0x75f10000 - 0x7605d000 	C:\WINDOWS\SYSTEM32\GDI32.dll
0x68560000 - 0x68769000 	C:\WINDOWS\WinSxS\x86_microsoft.windows.common-controls_6595b64144ccf1df_6.0.10240.16384_none_3bccb1ff6bcd1849\COMCTL32.dll
0x772b0000 - 0x772db000 	C:\WINDOWS\SYSTEM32\IMM32.DLL
0x76430000 - 0x76550000 	C:\WINDOWS\SYSTEM32\MSCTF.dll
0x5fc50000 - 0x5fd0f000 	C:\Program Files (x86)\Java\jdk1.8.0_45\jre\bin\msvcr100.dll
0x5f6d0000 - 0x5fa90000 	C:\Program Files (x86)\Java\jdk1.8.0_45\jre\bin\client\jvm.dll
0x77070000 - 0x77076000 	C:\WINDOWS\SYSTEM32\PSAPI.DLL
0x73640000 - 0x73648000 	C:\WINDOWS\SYSTEM32\WSOCK32.dll
0x73b90000 - 0x73bb4000 	C:\WINDOWS\SYSTEM32\WINMM.dll
0x75e10000 - 0x75e6c000 	C:\WINDOWS\SYSTEM32\WS2_32.dll
0x76660000 - 0x76667000 	C:\WINDOWS\SYSTEM32\NSI.dll
0x73520000 - 0x73528000 	C:\WINDOWS\SYSTEM32\VERSION.dll
0x01090000 - 0x010b3000 	C:\WINDOWS\SYSTEM32\WINMMBASE.dll
0x76270000 - 0x762a6000 	C:\WINDOWS\SYSTEM32\cfgmgr32.dll
0x73610000 - 0x73631000 	C:\WINDOWS\SYSTEM32\DEVOBJ.dll
0x60830000 - 0x6083c000 	C:\Program Files (x86)\Java\jdk1.8.0_45\jre\bin\verify.dll
0x5fbe0000 - 0x5fc01000 	C:\Program Files (x86)\Java\jdk1.8.0_45\jre\bin\java.dll
0x5fbc0000 - 0x5fbd3000 	C:\Program Files (x86)\Java\jdk1.8.0_45\jre\bin\zip.dll
0x74a40000 - 0x75dfe000 	C:\WINDOWS\SYSTEM32\SHELL32.dll
0x76990000 - 0x76e6c000 	C:\WINDOWS\SYSTEM32\windows.storage.dll
0x76770000 - 0x7692a000 	C:\WINDOWS\SYSTEM32\combase.dll
0x76720000 - 0x76764000 	C:\WINDOWS\SYSTEM32\shlwapi.dll
0x76670000 - 0x7667c000 	C:\WINDOWS\SYSTEM32\kernel.appcore.dll
0x76060000 - 0x760ed000 	C:\WINDOWS\SYSTEM32\shcore.dll
0x74840000 - 0x74884000 	C:\WINDOWS\SYSTEM32\powrprof.dll
0x76550000 - 0x7655f000 	C:\WINDOWS\SYSTEM32\profapi.dll
0x5f200000 - 0x5f220000 	C:\Program Files (x86)\Java\jdk1.8.0_45\jre\bin\instrument.dll
0x02cb0000 - 0x02cbb000 	C:\Users\Ahmed\AppData\Roaming\NetBeans\7.4\lib\deployed\jdk16\windows\profilerinterface.dll
0x5fba0000 - 0x5fbb5000 	C:\Program Files (x86)\Java\jdk1.8.0_45\jre\bin\net.dll
0x73570000 - 0x735be000 	C:\WINDOWS\system32\mswsock.dll
0x5fb80000 - 0x5fb8a000 	C:\Program Files (x86)\Java\jdk1.8.0_45\jre\bin\management.dll
0x5fb90000 - 0x5fb9f000 	C:\Program Files (x86)\Java\jdk1.8.0_45\jre\bin\nio.dll
0x71fa0000 - 0x71fb3000 	C:\WINDOWS\SYSTEM32\CRYPTSP.dll
0x735f0000 - 0x7360b000 	C:\WINDOWS\SYSTEM32\bcrypt.dll
0x71f70000 - 0x71f9f000 	C:\WINDOWS\system32\rsaenh.dll
0x74160000 - 0x74179000 	C:\WINDOWS\SYSTEM32\USERENV.dll
0x735c0000 - 0x735f0000 	C:\WINDOWS\SYSTEM32\IPHLPAPI.DLL
0x73560000 - 0x73568000 	C:\WINDOWS\SYSTEM32\WINNSI.DLL
0x73330000 - 0x73343000 	C:\WINDOWS\SYSTEM32\dhcpcsvc6.DLL
0x73310000 - 0x73324000 	C:\WINDOWS\SYSTEM32\dhcpcsvc.DLL
0x61750000 - 0x6188f000 	C:\WINDOWS\SYSTEM32\dbghelp.dll

VM Arguments:
jvm_args: -Dfile.encoding=UTF-8 
java_command: Festival
java_class_path (initial): F:\PROgrammin\Java\NetBeans\Training\build\classes
Launcher Type: SUN_STANDARD

Environment Variables:
JAVA_HOME=C:\Program Files\Java\jdk1.8.0_25
PATH=C:\ProgramData\Oracle\Java\javapath;C:\Python34\;C:\Python34\Scripts;C:\Program Files (x86)\Intel\iCLS Client\;C:\Program Files\Intel\iCLS Client\;C:\WINDOWS\system32;C:\WINDOWS;C:\WINDOWS\System32\Wbem;C:\WINDOWS\System32\WindowsPowerShell\v1.0\;C:\Program Files (x86)\Windows Live\Shared;C:\Program Files\Intel\Intel(R) Management Engine Components\DAL;C:\Program Files\Intel\Intel(R) Management Engine Components\IPT;C:\Program Files (x86)\Intel\Intel(R) Management Engine Components\DAL;C:\Program Files (x86)\Intel\Intel(R) Management Engine Components\IPT;C:\Program Files (x86)\Intel\OpenCL SDK\3.0\bin\x86;C:\Program Files (x86)\Intel\OpenCL SDK\3.0\bin\x64;C:\Program Files (x86)\Windows Kits\8.1\Windows Performance Toolkit\;C:\Program Files\Microsoft SQL Server\110\Tools\Binn\;C:\Program Files (x86)\Microsoft SDKs\TypeScript\1.0\;C:\Program Files\Java\jdk1.8.0_25\bin\;;C:\Program Files (x86)\NVIDIA Corporation\PhysX\Common;%SystemRoot%\system32;%SystemRoot%;%SystemRoot%\System32\Wbem;%SYSTEMROOT%\System32\WindowsPowerShell\v1.0\;C:\Users\Ahmed\AppData\Roaming\Python\Scripts;C:\Program Files\Java\jdk1.8.0_25\bin\;
USERNAME=Ahmed
OS=Windows_NT
PROCESSOR_IDENTIFIER=Intel64 Family 6 Model 69 Stepping 1, GenuineIntel



---------------  S Y S T E M  ---------------

OS: Windows 10.0 , 64 bit Build 10240 (10.0.10240.16384)

CPU:total 4 (2 cores per cpu, 2 threads per core) family 6 model 69 stepping 1, cmov, cx8, fxsr, mmx, sse, sse2, sse3, ssse3, sse4.1, sse4.2, popcnt, avx, avx2, aes, clmul, erms, lzcnt, ht, tsc, tscinvbit, bmi1, bmi2

Memory: 4k page, physical 3958936k(1719364k free), swap 6973592k(3441664k free)

vm_info: Java HotSpot(TM) Client VM (25.45-b02) for windows-x86 JRE (1.8.0_45-b14), built on Apr 10 2015 10:46:40 by "java_re" with MS VC++ 10.0 (VS2010)

time: Fri Oct 09 23:24:39 2015
elapsed time: 21 seconds (0d 0h 0m 21s)

